# JRE version: Java(TM) SE Runtime Environment (9.0+11) (build 9.0.1+11)
# Java VM: Java HotSpot(TM) 64-Bit Server VM (9.0.1+11, mixed mode, tiered, compressed oops, g1 gc, bsd-amd64)
Heap:
 garbage-first heap   total 315392K, used 144300K [0x00000006c0000000, 0x00000006c01009a0, 0x00000007c0000000)
  region size 1024K, 5 young (5120K), 1 survivors (1024K)
 Metaspace       used 24034K, capacity 25850K, committed 25984K, reserved 1073152K
  class space    used 2837K, capacity 3168K, committed 3200K, reserved 1048576K
GC Heap History (10 events):
Event: 18.130 GC heap before
{Heap before GC invocations=226 (full 0):
 garbage-first heap   total 315392K, used 142246K [0x00000006c0000000, 0x00000006c01009a0, 0x00000007c0000000)
  region size 1024K, 3 young (3072K), 1 survivors (1024K)
 Metaspace       used 23967K, capacity 25736K, committed 25984K, reserved 1073152K
  class space    used 2831K, capacity 3157K, committed 3200K, reserved 1048576K
}
Event: 18.131 GC heap after
{Heap after GC invocations=227 (full 0):
 garbage-first heap   total 315392K, used 71592K [0x00000006c0000000, 0x00000006c01009a0, 0x00000007c0000000)
  region size 1024K, 1 young (1024K), 1 survivors (1024K)
 Metaspace       used 23967K, capacity 25736K, committed 25984K, reserved 1073152K
  class space    used 2831K, capacity 3157K, committed 3200K, reserved 1048576K
}
Event: 18.264 GC heap before
{Heap before GC invocations=228 (full 0):
 garbage-first heap   total 315392K, used 143272K [0x00000006c0000000, 0x00000006c01009a0, 0x00000007c0000000)
  region size 1024K, 4 young (4096K), 1 survivors (1024K)
 Metaspace       used 23993K, capacity 25736K, committed 25984K, reserved 1073152K
  class space    used 2831K, capacity 3157K, committed 3200K, reserved 1048576K
}
Event: 18.265 GC heap after
{Heap after GC invocations=229 (full 0):
 garbage-first heap   total 315392K, used 71594K [0x00000006c0000000, 0x00000006c01009a0, 0x00000007c0000000)
  region size 1024K, 1 young (1024K), 1 survivors (1024K)
 Metaspace       used 23993K, capacity 25736K, committed 25984K, reserved 1073152K
  class space    used 2831K, capacity 3157K, committed 3200K, reserved 1048576K
}
Event: 18.363 GC heap before
{Heap before GC invocations=230 (full 0):
 garbage-first heap   total 315392K, used 143274K [0x00000006c0000000, 0x00000006c01009a0, 0x00000007c0000000)
  region size 1024K, 4 young (4096K), 1 survivors (1024K)
 Metaspace       used 24007K, capacity 25800K, committed 25984K, reserved 1073152K
  class space    used 2831K, capacity 3157K, committed 3200K, reserved 1048576K
}
Event: 18.364 GC heap after
{Heap after GC invocations=231 (full 0):
 garbage-first heap   total 315392K, used 71594K [0x00000006c0000000, 0x00000006c01009a0, 0x00000007c0000000)
  region size 1024K, 1 young (1024K), 1 survivors (1024K)
 Metaspace       used 24007K, capacity 25800K, committed 25984K, reserved 1073152K
  class space    used 2831K, capacity 3157K, committed 3200K, reserved 1048576K
}
Event: 18.460 GC heap before
{Heap before GC invocations=232 (full 0):
 garbage-first heap   total 315392K, used 143274K [0x00000006c0000000, 0x00000006c01009a0, 0x00000007c0000000)
  region size 1024K, 4 young (4096K), 1 survivors (1024K)
 Metaspace       used 24007K, capacity 25800K, committed 25984K, reserved 1073152K
  class space    used 2831K, capacity 3157K, committed 3200K, reserved 1048576K
}
Event: 18.461 GC heap after
{Heap after GC invocations=233 (full 0):
 garbage-first heap   total 315392K, used 71592K [0x00000006c0000000, 0x00000006c01009a0, 0x00000007c0000000)
  region size 1024K, 1 young (1024K), 1 survivors (1024K)
 Metaspace       used 24007K, capacity 25800K, committed 25984K, reserved 1073152K
  class space    used 2831K, capacity 3157K, committed 3200K, reserved 1048576K
}
Event: 18.594 GC heap before
{Heap before GC invocations=234 (full 0):
 garbage-first heap   total 315392K, used 143272K [0x00000006c0000000, 0x00000006c01009a0, 0x00000007c0000000)
  region size 1024K, 4 young (4096K), 1 survivors (1024K)
 Metaspace       used 24007K, capacity 25800K, committed 25984K, reserved 1073152K
  class space    used 2831K, capacity 3157K, committed 3200K, reserved 1048576K
}
Event: 18.595 GC heap after
{Heap after GC invocations=235 (full 0):
 garbage-first heap   total 315392K, used 71596K [0x00000006c0000000, 0x00000006c01009a0, 0x00000007c0000000)
  region size 1024K, 1 young (1024K), 1 survivors (1024K)
 Metaspace       used 24007K, capacity 25800K, committed 25984K, reserved 1073152K
  class space    used 2831K, capacity 3157K, committed 3200K, reserved 1048576K
}

