# JRE version: Java(TM) SE Runtime Environment (9.0+11) (build 9.0.1+11)
# Java VM: Java HotSpot(TM) 64-Bit Server VM (9.0.1+11, mixed mode, tiered, compressed oops, g1 gc, bsd-amd64)
Heap:
 garbage-first heap   total 315392K, used 98566K [0x00000006c0000000, 0x00000006c01009a0, 0x00000007c0000000)
  region size 1024K, 4 young (4096K), 1 survivors (1024K)
 Metaspace       used 24488K, capacity 26344K, committed 26624K, reserved 1073152K
  class space    used 2867K, capacity 3263K, committed 3328K, reserved 1048576K
GC Heap History (10 events):
Event: 29.218 GC heap before
{Heap before GC invocations=383 (full 0):
 garbage-first heap   total 315392K, used 134383K [0x00000006c0000000, 0x00000006c01009a0, 0x00000007c0000000)
  region size 1024K, 3 young (3072K), 1 survivors (1024K)
 Metaspace       used 24482K, capacity 26344K, committed 26624K, reserved 1073152K
  class space    used 2867K, capacity 3263K, committed 3328K, reserved 1048576K
}
Event: 29.219 GC heap after
{Heap after GC invocations=384 (full 0):
 garbage-first heap   total 315392K, used 71917K [0x00000006c0000000, 0x00000006c01009a0, 0x00000007c0000000)
  region size 1024K, 1 young (1024K), 1 survivors (1024K)
 Metaspace       used 24482K, capacity 26344K, committed 26624K, reserved 1073152K
  class space    used 2867K, capacity 3263K, committed 3328K, reserved 1048576K
}
Event: 29.349 GC heap before
{Heap before GC invocations=385 (full 0):
 garbage-first heap   total 315392K, used 135405K [0x00000006c0000000, 0x00000006c01009a0, 0x00000007c0000000)
  region size 1024K, 4 young (4096K), 1 survivors (1024K)
 Metaspace       used 24482K, capacity 26344K, committed 26624K, reserved 1073152K
  class space    used 2867K, capacity 3263K, committed 3328K, reserved 1048576K
}
Event: 29.350 GC heap after
{Heap after GC invocations=386 (full 0):
 garbage-first heap   total 315392K, used 71921K [0x00000006c0000000, 0x00000006c01009a0, 0x00000007c0000000)
  region size 1024K, 1 young (1024K), 1 survivors (1024K)
 Metaspace       used 24482K, capacity 26344K, committed 26624K, reserved 1073152K
  class space    used 2867K, capacity 3263K, committed 3328K, reserved 1048576K
}
Event: 29.444 GC heap before
{Heap before GC invocations=387 (full 0):
 garbage-first heap   total 315392K, used 140529K [0x00000006c0000000, 0x00000006c01009a0, 0x00000007c0000000)
  region size 1024K, 3 young (3072K), 1 survivors (1024K)
 Metaspace       used 24482K, capacity 26344K, committed 26624K, reserved 1073152K
  class space    used 2867K, capacity 3263K, committed 3328K, reserved 1048576K
}
Event: 29.445 GC heap after
{Heap after GC invocations=388 (full 0):
 garbage-first heap   total 315392K, used 73971K [0x00000006c0000000, 0x00000006c01009a0, 0x00000007c0000000)
  region size 1024K, 1 young (1024K), 1 survivors (1024K)
 Metaspace       used 24482K, capacity 26344K, committed 26624K, reserved 1073152K
  class space    used 2867K, capacity 3263K, committed 3328K, reserved 1048576K
}
Event: 29.487 GC heap before
{Heap before GC invocations=389 (full 0):
 garbage-first heap   total 315392K, used 135411K [0x00000006c0000000, 0x00000006c01009a0, 0x00000007c0000000)
  region size 1024K, 4 young (4096K), 1 survivors (1024K)
 Metaspace       used 24482K, capacity 26344K, committed 26624K, reserved 1073152K
  class space    used 2867K, capacity 3263K, committed 3328K, reserved 1048576K
}
Event: 29.488 GC heap after
{Heap after GC invocations=390 (full 0):
 garbage-first heap   total 315392K, used 71937K [0x00000006c0000000, 0x00000006c01009a0, 0x00000007c0000000)
  region size 1024K, 1 young (1024K), 1 survivors (1024K)
 Metaspace       used 24482K, capacity 26344K, committed 26624K, reserved 1073152K
  class space    used 2867K, capacity 3263K, committed 3328K, reserved 1048576K
}
Event: 29.587 GC heap before
{Heap before GC invocations=391 (full 0):
 garbage-first heap   total 315392K, used 135425K [0x00000006c0000000, 0x00000006c01009a0, 0x00000007c0000000)
  region size 1024K, 4 young (4096K), 1 survivors (1024K)
 Metaspace       used 24482K, capacity 26344K, committed 26624K, reserved 1073152K
  class space    used 2867K, capacity 3263K, committed 3328K, reserved 1048576K
}
Event: 29.588 GC heap after
{Heap after GC invocations=392 (full 0):
 garbage-first heap   total 315392K, used 80134K [0x00000006c0000000, 0x00000006c01009a0, 0x00000007c0000000)
  region size 1024K, 1 young (1024K), 1 survivors (1024K)
 Metaspace       used 24482K, capacity 26344K, committed 26624K, reserved 1073152K
  class space    used 2867K, capacity 3263K, committed 3328K, reserved 1048576K
}

