# JRE version: Java(TM) SE Runtime Environment (9.0+11) (build 9.0.1+11)
# Java VM: Java HotSpot(TM) 64-Bit Server VM (9.0.1+11, mixed mode, tiered, compressed oops, g1 gc, bsd-amd64)
Heap:
 garbage-first heap   total 315392K, used 80660K [0x00000006c0000000, 0x00000006c01009a0, 0x00000007c0000000)
  region size 1024K, 3 young (3072K), 1 survivors (1024K)
 Metaspace       used 23929K, capacity 25682K, committed 25728K, reserved 1071104K
  class space    used 2837K, capacity 3186K, committed 3200K, reserved 1048576K
GC Heap History (10 events):
Event: 12.974 GC heap before
{Heap before GC invocations=163 (full 0):
 garbage-first heap   total 315392K, used 142075K [0x00000006c0000000, 0x00000006c01009a0, 0x00000007c0000000)
  region size 1024K, 3 young (3072K), 1 survivors (1024K)
 Metaspace       used 23901K, capacity 25682K, committed 25728K, reserved 1071104K
  class space    used 2837K, capacity 3186K, committed 3200K, reserved 1048576K
}
Event: 12.975 GC heap after
{Heap after GC invocations=164 (full 0):
 garbage-first heap   total 315392K, used 71431K [0x00000006c0000000, 0x00000006c01009a0, 0x00000007c0000000)
  region size 1024K, 1 young (1024K), 1 survivors (1024K)
 Metaspace       used 23901K, capacity 25682K, committed 25728K, reserved 1071104K
  class space    used 2837K, capacity 3186K, committed 3200K, reserved 1048576K
}
Event: 13.103 GC heap before
{Heap before GC invocations=165 (full 0):
 garbage-first heap   total 315392K, used 142087K [0x00000006c0000000, 0x00000006c01009a0, 0x00000007c0000000)
  region size 1024K, 3 young (3072K), 1 survivors (1024K)
 Metaspace       used 23919K, capacity 25682K, committed 25728K, reserved 1071104K
  class space    used 2837K, capacity 3186K, committed 3200K, reserved 1048576K
}
Event: 13.104 GC heap after
{Heap after GC invocations=166 (full 0):
 garbage-first heap   total 315392K, used 71431K [0x00000006c0000000, 0x00000006c01009a0, 0x00000007c0000000)
  region size 1024K, 1 young (1024K), 1 survivors (1024K)
 Metaspace       used 23919K, capacity 25682K, committed 25728K, reserved 1071104K
  class space    used 2837K, capacity 3186K, committed 3200K, reserved 1048576K
}
Event: 13.206 GC heap before
{Heap before GC invocations=167 (full 0):
 garbage-first heap   total 315392K, used 143111K [0x00000006c0000000, 0x00000006c01009a0, 0x00000007c0000000)
  region size 1024K, 4 young (4096K), 1 survivors (1024K)
 Metaspace       used 23920K, capacity 25682K, committed 25728K, reserved 1071104K
  class space    used 2837K, capacity 3186K, committed 3200K, reserved 1048576K
}
Event: 13.207 GC heap after
{Heap after GC invocations=168 (full 0):
 garbage-first heap   total 315392K, used 71434K [0x00000006c0000000, 0x00000006c01009a0, 0x00000007c0000000)
  region size 1024K, 1 young (1024K), 1 survivors (1024K)
 Metaspace       used 23920K, capacity 25682K, committed 25728K, reserved 1071104K
  class space    used 2837K, capacity 3186K, committed 3200K, reserved 1048576K
}
Event: 13.298 GC heap before
{Heap before GC invocations=169 (full 0):
 garbage-first heap   total 315392K, used 143114K [0x00000006c0000000, 0x00000006c01009a0, 0x00000007c0000000)
  region size 1024K, 4 young (4096K), 1 survivors (1024K)
 Metaspace       used 23920K, capacity 25682K, committed 25728K, reserved 1071104K
  class space    used 2837K, capacity 3186K, committed 3200K, reserved 1048576K
}
Event: 13.298 GC heap after
{Heap after GC invocations=170 (full 0):
 garbage-first heap   total 315392K, used 71434K [0x00000006c0000000, 0x00000006c01009a0, 0x00000007c0000000)
  region size 1024K, 1 young (1024K), 1 survivors (1024K)
 Metaspace       used 23920K, capacity 25682K, committed 25728K, reserved 1071104K
  class space    used 2837K, capacity 3186K, committed 3200K, reserved 1048576K
}
Event: 13.358 GC heap before
{Heap before GC invocations=171 (full 0):
 garbage-first heap   total 315392K, used 143114K [0x00000006c0000000, 0x00000006c01009a0, 0x00000007c0000000)
  region size 1024K, 4 young (4096K), 1 survivors (1024K)
 Metaspace       used 23924K, capacity 25682K, committed 25728K, reserved 1071104K
  class space    used 2837K, capacity 3186K, committed 3200K, reserved 1048576K
}
Event: 13.359 GC heap after
{Heap after GC invocations=172 (full 0):
 garbage-first heap   total 315392K, used 79636K [0x00000006c0000000, 0x00000006c01009a0, 0x00000007c0000000)
  region size 1024K, 1 young (1024K), 1 survivors (1024K)
 Metaspace       used 23924K, capacity 25682K, committed 25728K, reserved 1071104K
  class space    used 2837K, capacity 3186K, committed 3200K, reserved 1048576K
}

