# JRE version: Java(TM) SE Runtime Environment (9.0+11) (build 9.0.1+11)
# Java VM: Java HotSpot(TM) 64-Bit Server VM (9.0.1+11, mixed mode, tiered, compressed oops, g1 gc, bsd-amd64)
Heap:
 garbage-first heap   total 262144K, used 73205K [0x00000006c0000000, 0x00000006c0100800, 0x00000007c0000000)
  region size 1024K, 4 young (4096K), 1 survivors (1024K)
 Metaspace       used 23379K, capacity 25164K, committed 25216K, reserved 1071104K
  class space    used 2831K, capacity 3163K, committed 3200K, reserved 1048576K
GC Heap History (10 events):
Event: 13.763 GC heap before
{Heap before GC invocations=64 (full 0):
 garbage-first heap   total 262144K, used 119255K [0x00000006c0000000, 0x00000006c0100800, 0x00000007c0000000)
  region size 1024K, 4 young (4096K), 1 survivors (1024K)
 Metaspace       used 23320K, capacity 24986K, committed 25216K, reserved 1071104K
  class space    used 2825K, capacity 3152K, committed 3200K, reserved 1048576K
}
Event: 13.764 GC heap after
{Heap after GC invocations=65 (full 0):
 garbage-first heap   total 262144K, used 54745K [0x00000006c0000000, 0x00000006c0100800, 0x00000007c0000000)
  region size 1024K, 1 young (1024K), 1 survivors (1024K)
 Metaspace       used 23320K, capacity 24986K, committed 25216K, reserved 1071104K
  class space    used 2825K, capacity 3152K, committed 3200K, reserved 1048576K
}
Event: 13.936 GC heap before
{Heap before GC invocations=66 (full 0):
 garbage-first heap   total 262144K, used 116185K [0x00000006c0000000, 0x00000006c0100800, 0x00000007c0000000)
  region size 1024K, 3 young (3072K), 1 survivors (1024K)
 Metaspace       used 23322K, capacity 24986K, committed 25216K, reserved 1071104K
  class space    used 2825K, capacity 3152K, committed 3200K, reserved 1048576K
}
Event: 13.937 GC heap after
{Heap after GC invocations=67 (full 0):
 garbage-first heap   total 262144K, used 54749K [0x00000006c0000000, 0x00000006c0100800, 0x00000007c0000000)
  region size 1024K, 1 young (1024K), 1 survivors (1024K)
 Metaspace       used 23322K, capacity 24986K, committed 25216K, reserved 1071104K
  class space    used 2825K, capacity 3152K, committed 3200K, reserved 1048576K
}
Event: 14.198 GC heap before
{Heap before GC invocations=68 (full 0):
 garbage-first heap   total 262144K, used 116189K [0x00000006c0000000, 0x00000006c0100800, 0x00000007c0000000)
  region size 1024K, 4 young (4096K), 1 survivors (1024K)
 Metaspace       used 23324K, capacity 24986K, committed 25216K, reserved 1071104K
  class space    used 2825K, capacity 3152K, committed 3200K, reserved 1048576K
}
Event: 14.199 GC heap after
{Heap after GC invocations=69 (full 0):
 garbage-first heap   total 262144K, used 62952K [0x00000006c0000000, 0x00000006c0100800, 0x00000007c0000000)
  region size 1024K, 1 young (1024K), 1 survivors (1024K)
 Metaspace       used 23324K, capacity 24986K, committed 25216K, reserved 1071104K
  class space    used 2825K, capacity 3152K, committed 3200K, reserved 1048576K
}
Event: 14.477 GC heap before
{Heap before GC invocations=70 (full 0):
 garbage-first heap   total 262144K, used 119272K [0x00000006c0000000, 0x00000006c0100800, 0x00000007c0000000)
  region size 1024K, 4 young (4096K), 1 survivors (1024K)
 Metaspace       used 23335K, capacity 24986K, committed 25216K, reserved 1071104K
  class space    used 2825K, capacity 3152K, committed 3200K, reserved 1048576K
}
Event: 14.478 GC heap after
{Heap after GC invocations=71 (full 0):
 garbage-first heap   total 262144K, used 53742K [0x00000006c0000000, 0x00000006c0100800, 0x00000007c0000000)
  region size 1024K, 1 young (1024K), 1 survivors (1024K)
 Metaspace       used 23335K, capacity 24986K, committed 25216K, reserved 1071104K
  class space    used 2825K, capacity 3152K, committed 3200K, reserved 1048576K
}
Event: 14.630 GC heap before
{Heap before GC invocations=72 (full 0):
 garbage-first heap   total 262144K, used 116206K [0x00000006c0000000, 0x00000006c0100800, 0x00000007c0000000)
  region size 1024K, 4 young (4096K), 1 survivors (1024K)
 Metaspace       used 23338K, capacity 24986K, committed 25216K, reserved 1071104K
  class space    used 2825K, capacity 3152K, committed 3200K, reserved 1048576K
}
Event: 14.630 GC heap after
{Heap after GC invocations=73 (full 0):
 garbage-first heap   total 262144K, used 62965K [0x00000006c0000000, 0x00000006c0100800, 0x00000007c0000000)
  region size 1024K, 1 young (1024K), 1 survivors (1024K)
 Metaspace       used 23338K, capacity 24986K, committed 25216K, reserved 1071104K
  class space    used 2825K, capacity 3152K, committed 3200K, reserved 1048576K
}

