# JRE version: Java(TM) SE Runtime Environment (9.0+11) (build 9.0.1+11)
# Java VM: Java HotSpot(TM) 64-Bit Server VM (9.0.1+11, mixed mode, tiered, compressed oops, g1 gc, bsd-amd64)
Heap:
 garbage-first heap   total 387072K, used 143326K [0x00000006c0000000, 0x00000006c0100bd0, 0x00000007c0000000)
  region size 1024K, 4 young (4096K), 1 survivors (1024K)
 Metaspace       used 23738K, capacity 25410K, committed 25472K, reserved 1071104K
  class space    used 2833K, capacity 3184K, committed 3200K, reserved 1048576K
GC Heap History (10 events):
Event: 10.957 GC heap before
{Heap before GC invocations=128 (full 0):
 garbage-first heap   total 387072K, used 172982K [0x00000006c0000000, 0x00000006c0100bd0, 0x00000007c0000000)
  region size 1024K, 3 young (3072K), 1 survivors (1024K)
 Metaspace       used 23730K, capacity 25410K, committed 25472K, reserved 1071104K
  class space    used 2833K, capacity 3184K, committed 3200K, reserved 1048576K
}
Event: 10.958 GC heap after
{Heap after GC invocations=129 (full 0):
 garbage-first heap   total 387072K, used 90046K [0x00000006c0000000, 0x00000006c0100bd0, 0x00000007c0000000)
  region size 1024K, 1 young (1024K), 1 survivors (1024K)
 Metaspace       used 23730K, capacity 25410K, committed 25472K, reserved 1071104K
  class space    used 2833K, capacity 3184K, committed 3200K, reserved 1048576K
}
Event: 11.042 GC heap before
{Heap before GC invocations=130 (full 0):
 garbage-first heap   total 387072K, used 176062K [0x00000006c0000000, 0x00000006c0100bd0, 0x00000007c0000000)
  region size 1024K, 4 young (4096K), 1 survivors (1024K)
 Metaspace       used 23730K, capacity 25410K, committed 25472K, reserved 1071104K
  class space    used 2833K, capacity 3184K, committed 3200K, reserved 1048576K
}
Event: 11.043 GC heap after
{Heap after GC invocations=131 (full 0):
 garbage-first heap   total 387072K, used 94147K [0x00000006c0000000, 0x00000006c0100bd0, 0x00000007c0000000)
  region size 1024K, 1 young (1024K), 1 survivors (1024K)
 Metaspace       used 23730K, capacity 25410K, committed 25472K, reserved 1071104K
  class space    used 2833K, capacity 3184K, committed 3200K, reserved 1048576K
}
Event: 11.143 GC heap before
{Heap before GC invocations=132 (full 0):
 garbage-first heap   total 387072K, used 170947K [0x00000006c0000000, 0x00000006c0100bd0, 0x00000007c0000000)
  region size 1024K, 3 young (3072K), 1 survivors (1024K)
 Metaspace       used 23730K, capacity 25410K, committed 25472K, reserved 1071104K
  class space    used 2833K, capacity 3184K, committed 3200K, reserved 1048576K
}
Event: 11.144 GC heap after
{Heap after GC invocations=133 (full 0):
 garbage-first heap   total 387072K, used 85959K [0x00000006c0000000, 0x00000006c0100bd0, 0x00000007c0000000)
  region size 1024K, 1 young (1024K), 1 survivors (1024K)
 Metaspace       used 23730K, capacity 25410K, committed 25472K, reserved 1071104K
  class space    used 2833K, capacity 3184K, committed 3200K, reserved 1048576K
}
Event: 11.270 GC heap before
{Heap before GC invocations=134 (full 0):
 garbage-first heap   total 387072K, used 175047K [0x00000006c0000000, 0x00000006c0100bd0, 0x00000007c0000000)
  region size 1024K, 3 young (3072K), 1 survivors (1024K)
 Metaspace       used 23731K, capacity 25410K, committed 25472K, reserved 1071104K
  class space    used 2833K, capacity 3184K, committed 3200K, reserved 1048576K
}
Event: 11.271 GC heap after
{Heap after GC invocations=135 (full 0):
 garbage-first heap   total 387072K, used 88024K [0x00000006c0000000, 0x00000006c0100bd0, 0x00000007c0000000)
  region size 1024K, 1 young (1024K), 1 survivors (1024K)
 Metaspace       used 23731K, capacity 25410K, committed 25472K, reserved 1071104K
  class space    used 2833K, capacity 3184K, committed 3200K, reserved 1048576K
}
Event: 11.375 GC heap before
{Heap before GC invocations=136 (full 0):
 garbage-first heap   total 387072K, used 169944K [0x00000006c0000000, 0x00000006c0100bd0, 0x00000007c0000000)
  region size 1024K, 4 young (4096K), 1 survivors (1024K)
 Metaspace       used 23733K, capacity 25410K, committed 25472K, reserved 1071104K
  class space    used 2833K, capacity 3184K, committed 3200K, reserved 1048576K
}
Event: 11.376 GC heap after
{Heap after GC invocations=137 (full 0):
 garbage-first heap   total 387072K, used 81886K [0x00000006c0000000, 0x00000006c0100bd0, 0x00000007c0000000)
  region size 1024K, 1 young (1024K), 1 survivors (1024K)
 Metaspace       used 23733K, capacity 25410K, committed 25472K, reserved 1071104K
  class space    used 2833K, capacity 3184K, committed 3200K, reserved 1048576K
}

