# JRE version: Java(TM) SE Runtime Environment (9.0+11) (build 9.0.1+11)
# Java VM: Java HotSpot(TM) 64-Bit Server VM (9.0.1+11, mixed mode, tiered, compressed oops, g1 gc, bsd-amd64)
Heap:
 garbage-first heap   total 378880K, used 153649K [0x00000006c0000000, 0x00000006c0100b90, 0x00000007c0000000)
  region size 1024K, 3 young (3072K), 1 survivors (1024K)
 Metaspace       used 24139K, capacity 25936K, committed 26112K, reserved 1073152K
  class space    used 2844K, capacity 3225K, committed 3328K, reserved 1048576K
GC Heap History (10 events):
Event: 21.900 GC heap before
{Heap before GC invocations=349 (full 0):
 garbage-first heap   total 378880K, used 166945K [0x00000006c0000000, 0x00000006c0100b90, 0x00000007c0000000)
  region size 1024K, 4 young (4096K), 1 survivors (1024K)
 Metaspace       used 24122K, capacity 25930K, committed 26112K, reserved 1073152K
  class space    used 2843K, capacity 3224K, committed 3328K, reserved 1048576K
}
Event: 21.901 GC heap after
{Heap after GC invocations=350 (full 0):
 garbage-first heap   total 378880K, used 89125K [0x00000006c0000000, 0x00000006c0100b90, 0x00000007c0000000)
  region size 1024K, 1 young (1024K), 1 survivors (1024K)
 Metaspace       used 24122K, capacity 25930K, committed 26112K, reserved 1073152K
  class space    used 2843K, capacity 3224K, committed 3328K, reserved 1048576K
}
Event: 21.964 GC heap before
{Heap before GC invocations=351 (full 0):
 garbage-first heap   total 378880K, used 157733K [0x00000006c0000000, 0x00000006c0100b90, 0x00000007c0000000)
  region size 1024K, 4 young (4096K), 1 survivors (1024K)
 Metaspace       used 24122K, capacity 25930K, committed 26112K, reserved 1073152K
  class space    used 2843K, capacity 3224K, committed 3328K, reserved 1048576K
}
Event: 21.965 GC heap after
{Heap after GC invocations=352 (full 0):
 garbage-first heap   total 378880K, used 89123K [0x00000006c0000000, 0x00000006c0100b90, 0x00000007c0000000)
  region size 1024K, 1 young (1024K), 1 survivors (1024K)
 Metaspace       used 24122K, capacity 25930K, committed 26112K, reserved 1073152K
  class space    used 2843K, capacity 3224K, committed 3328K, reserved 1048576K
}
Event: 22.087 GC heap before
{Heap before GC invocations=353 (full 0):
 garbage-first heap   total 378880K, used 168995K [0x00000006c0000000, 0x00000006c0100b90, 0x00000007c0000000)
  region size 1024K, 3 young (3072K), 1 survivors (1024K)
 Metaspace       used 24123K, capacity 25930K, committed 26112K, reserved 1073152K
  class space    used 2843K, capacity 3224K, committed 3328K, reserved 1048576K
}
Event: 22.088 GC heap after
{Heap after GC invocations=354 (full 0):
 garbage-first heap   total 378880K, used 91167K [0x00000006c0000000, 0x00000006c0100b90, 0x00000007c0000000)
  region size 1024K, 1 young (1024K), 1 survivors (1024K)
 Metaspace       used 24123K, capacity 25930K, committed 26112K, reserved 1073152K
  class space    used 2843K, capacity 3224K, committed 3328K, reserved 1048576K
}
Event: 22.186 GC heap before
{Heap before GC invocations=355 (full 0):
 garbage-first heap   total 378880K, used 164895K [0x00000006c0000000, 0x00000006c0100b90, 0x00000007c0000000)
  region size 1024K, 4 young (4096K), 1 survivors (1024K)
 Metaspace       used 24123K, capacity 25930K, committed 26112K, reserved 1073152K
  class space    used 2843K, capacity 3224K, committed 3328K, reserved 1048576K
}
Event: 22.188 GC heap after
{Heap after GC invocations=356 (full 0):
 garbage-first heap   total 378880K, used 91171K [0x00000006c0000000, 0x00000006c0100b90, 0x00000007c0000000)
  region size 1024K, 1 young (1024K), 1 survivors (1024K)
 Metaspace       used 24123K, capacity 25930K, committed 26112K, reserved 1073152K
  class space    used 2843K, capacity 3224K, committed 3328K, reserved 1048576K
}
Event: 22.313 GC heap before
{Heap before GC invocations=357 (full 0):
 garbage-first heap   total 378880K, used 170019K [0x00000006c0000000, 0x00000006c0100b90, 0x00000007c0000000)
  region size 1024K, 3 young (3072K), 1 survivors (1024K)
 Metaspace       used 24130K, capacity 25930K, committed 26112K, reserved 1073152K
  class space    used 2843K, capacity 3224K, committed 3328K, reserved 1048576K
}
Event: 22.314 GC heap after
{Heap after GC invocations=358 (full 0):
 garbage-first heap   total 378880K, used 82993K [0x00000006c0000000, 0x00000006c0100b90, 0x00000007c0000000)
  region size 1024K, 1 young (1024K), 1 survivors (1024K)
 Metaspace       used 24130K, capacity 25930K, committed 26112K, reserved 1073152K
  class space    used 2843K, capacity 3224K, committed 3328K, reserved 1048576K
}

