# JRE version: Java(TM) SE Runtime Environment (9.0+11) (build 9.0.1+11)
# Java VM: Java HotSpot(TM) 64-Bit Server VM (9.0.1+11, mixed mode, tiered, compressed oops, g1 gc, bsd-amd64)
Heap:
 garbage-first heap   total 315392K, used 93830K [0x00000006c0000000, 0x00000006c01009a0, 0x00000007c0000000)
  region size 1024K, 4 young (4096K), 1 survivors (1024K)
 Metaspace       used 23724K, capacity 25520K, committed 25724K, reserved 1071104K
  class space    used 2835K, capacity 3167K, committed 3196K, reserved 1048576K
GC Heap History (10 events):
Event: 17.744 GC heap before
{Heap before GC invocations=129 (full 0):
 garbage-first heap   total 315392K, used 138862K [0x00000006c0000000, 0x00000006c01009a0, 0x00000007c0000000)
  region size 1024K, 4 young (4096K), 1 survivors (1024K)
 Metaspace       used 23689K, capacity 25464K, committed 25724K, reserved 1071104K
  class space    used 2828K, capacity 3155K, committed 3196K, reserved 1048576K
}
Event: 17.745 GC heap after
{Heap after GC invocations=130 (full 0):
 garbage-first heap   total 315392K, used 63091K [0x00000006c0000000, 0x00000006c01009a0, 0x00000007c0000000)
  region size 1024K, 1 young (1024K), 1 survivors (1024K)
 Metaspace       used 23689K, capacity 25464K, committed 25724K, reserved 1071104K
  class space    used 2828K, capacity 3155K, committed 3196K, reserved 1048576K
}
Event: 17.932 GC heap before
{Heap before GC invocations=131 (full 0):
 garbage-first heap   total 315392K, used 142963K [0x00000006c0000000, 0x00000006c01009a0, 0x00000007c0000000)
  region size 1024K, 4 young (4096K), 1 survivors (1024K)
 Metaspace       used 23689K, capacity 25464K, committed 25724K, reserved 1071104K
  class space    used 2828K, capacity 3155K, committed 3196K, reserved 1048576K
}
Event: 17.933 GC heap after
{Heap after GC invocations=132 (full 0):
 garbage-first heap   total 315392K, used 67201K [0x00000006c0000000, 0x00000006c01009a0, 0x00000007c0000000)
  region size 1024K, 1 young (1024K), 1 survivors (1024K)
 Metaspace       used 23689K, capacity 25464K, committed 25724K, reserved 1071104K
  class space    used 2828K, capacity 3155K, committed 3196K, reserved 1048576K
}
Event: 18.180 GC heap before
{Heap before GC invocations=133 (full 0):
 garbage-first heap   total 315392K, used 138881K [0x00000006c0000000, 0x00000006c01009a0, 0x00000007c0000000)
  region size 1024K, 4 young (4096K), 1 survivors (1024K)
 Metaspace       used 23690K, capacity 25464K, committed 25724K, reserved 1071104K
  class space    used 2828K, capacity 3155K, committed 3196K, reserved 1048576K
}
Event: 18.181 GC heap after
{Heap after GC invocations=134 (full 0):
 garbage-first heap   total 315392K, used 63103K [0x00000006c0000000, 0x00000006c01009a0, 0x00000007c0000000)
  region size 1024K, 1 young (1024K), 1 survivors (1024K)
 Metaspace       used 23690K, capacity 25464K, committed 25724K, reserved 1071104K
  class space    used 2828K, capacity 3155K, committed 3196K, reserved 1048576K
}
Event: 18.424 GC heap before
{Heap before GC invocations=135 (full 0):
 garbage-first heap   total 315392K, used 142975K [0x00000006c0000000, 0x00000006c01009a0, 0x00000007c0000000)
  region size 1024K, 4 young (4096K), 1 survivors (1024K)
 Metaspace       used 23692K, capacity 25464K, committed 25724K, reserved 1071104K
  class space    used 2828K, capacity 3155K, committed 3196K, reserved 1048576K
}
Event: 18.424 GC heap after
{Heap after GC invocations=136 (full 0):
 garbage-first heap   total 315392K, used 67199K [0x00000006c0000000, 0x00000006c01009a0, 0x00000007c0000000)
  region size 1024K, 1 young (1024K), 1 survivors (1024K)
 Metaspace       used 23692K, capacity 25464K, committed 25724K, reserved 1071104K
  class space    used 2828K, capacity 3155K, committed 3196K, reserved 1048576K
}
Event: 18.641 GC heap before
{Heap before GC invocations=137 (full 0):
 garbage-first heap   total 315392K, used 138879K [0x00000006c0000000, 0x00000006c01009a0, 0x00000007c0000000)
  region size 1024K, 4 young (4096K), 1 survivors (1024K)
 Metaspace       used 23693K, capacity 25464K, committed 25724K, reserved 1071104K
  class space    used 2828K, capacity 3155K, committed 3196K, reserved 1048576K
}
Event: 18.642 GC heap after
{Heap after GC invocations=138 (full 0):
 garbage-first heap   total 315392K, used 63110K [0x00000006c0000000, 0x00000006c01009a0, 0x00000007c0000000)
  region size 1024K, 1 young (1024K), 1 survivors (1024K)
 Metaspace       used 23693K, capacity 25464K, committed 25724K, reserved 1071104K
  class space    used 2828K, capacity 3155K, committed 3196K, reserved 1048576K
}

