# JRE version: Java(TM) SE Runtime Environment (9.0+11) (build 9.0.1+11)
# Java VM: Java HotSpot(TM) 64-Bit Server VM (9.0.1+11, mixed mode, tiered, compressed oops, g1 gc, bsd-amd64)
Heap:
 garbage-first heap   total 378880K, used 103686K [0x00000006c0000000, 0x00000006c0100b90, 0x00000007c0000000)
  region size 1024K, 3 young (3072K), 1 survivors (1024K)
 Metaspace       used 24417K, capacity 26198K, committed 26368K, reserved 1073152K
  class space    used 2851K, capacity 3228K, committed 3328K, reserved 1048576K
GC Heap History (10 events):
Event: 35.469 GC heap before
{Heap before GC invocations=585 (full 0):
 garbage-first heap   total 378880K, used 163078K [0x00000006c0000000, 0x00000006c0100b90, 0x00000007c0000000)
  region size 1024K, 3 young (3072K), 1 survivors (1024K)
 Metaspace       used 24346K, capacity 26166K, committed 26240K, reserved 1073152K
  class space    used 2839K, capacity 3196K, committed 3200K, reserved 1048576K
}
Event: 35.470 GC heap after
{Heap after GC invocations=586 (full 0):
 garbage-first heap   total 378880K, used 82184K [0x00000006c0000000, 0x00000006c0100b90, 0x00000007c0000000)
  region size 1024K, 1 young (1024K), 1 survivors (1024K)
 Metaspace       used 24346K, capacity 26166K, committed 26240K, reserved 1073152K
  class space    used 2839K, capacity 3196K, committed 3200K, reserved 1048576K
}
Event: 35.582 GC heap before
{Heap before GC invocations=587 (full 0):
 garbage-first heap   total 378880K, used 166152K [0x00000006c0000000, 0x00000006c0100b90, 0x00000007c0000000)
  region size 1024K, 4 young (4096K), 1 survivors (1024K)
 Metaspace       used 24347K, capacity 26166K, committed 26240K, reserved 1073152K
  class space    used 2839K, capacity 3196K, committed 3200K, reserved 1048576K
}
Event: 35.582 GC heap after
{Heap after GC invocations=588 (full 0):
 garbage-first heap   total 378880K, used 82186K [0x00000006c0000000, 0x00000006c0100b90, 0x00000007c0000000)
  region size 1024K, 1 young (1024K), 1 survivors (1024K)
 Metaspace       used 24347K, capacity 26166K, committed 26240K, reserved 1073152K
  class space    used 2839K, capacity 3196K, committed 3200K, reserved 1048576K
}
Event: 35.667 GC heap before
{Heap before GC invocations=589 (full 0):
 garbage-first heap   total 378880K, used 170250K [0x00000006c0000000, 0x00000006c0100b90, 0x00000007c0000000)
  region size 1024K, 4 young (4096K), 1 survivors (1024K)
 Metaspace       used 24347K, capacity 26166K, committed 26240K, reserved 1073152K
  class space    used 2839K, capacity 3196K, committed 3200K, reserved 1048576K
}
Event: 35.668 GC heap after
{Heap after GC invocations=590 (full 0):
 garbage-first heap   total 378880K, used 90382K [0x00000006c0000000, 0x00000006c0100b90, 0x00000007c0000000)
  region size 1024K, 1 young (1024K), 1 survivors (1024K)
 Metaspace       used 24347K, capacity 26166K, committed 26240K, reserved 1073152K
  class space    used 2839K, capacity 3196K, committed 3200K, reserved 1048576K
}
Event: 35.766 GC heap before
{Heap before GC invocations=591 (full 0):
 garbage-first heap   total 378880K, used 167182K [0x00000006c0000000, 0x00000006c0100b90, 0x00000007c0000000)
  region size 1024K, 3 young (3072K), 1 survivors (1024K)
 Metaspace       used 24347K, capacity 26166K, committed 26240K, reserved 1073152K
  class space    used 2839K, capacity 3196K, committed 3200K, reserved 1048576K
}
Event: 35.767 GC heap after
{Heap after GC invocations=592 (full 0):
 garbage-first heap   total 378880K, used 86276K [0x00000006c0000000, 0x00000006c0100b90, 0x00000007c0000000)
  region size 1024K, 1 young (1024K), 1 survivors (1024K)
 Metaspace       used 24347K, capacity 26166K, committed 26240K, reserved 1073152K
  class space    used 2839K, capacity 3196K, committed 3200K, reserved 1048576K
}
Event: 35.868 GC heap before
{Heap before GC invocations=593 (full 0):
 garbage-first heap   total 378880K, used 163076K [0x00000006c0000000, 0x00000006c0100b90, 0x00000007c0000000)
  region size 1024K, 3 young (3072K), 1 survivors (1024K)
 Metaspace       used 24347K, capacity 26166K, committed 26240K, reserved 1073152K
  class space    used 2839K, capacity 3196K, committed 3200K, reserved 1048576K
}
Event: 35.869 GC heap after
{Heap after GC invocations=594 (full 0):
 garbage-first heap   total 378880K, used 86278K [0x00000006c0000000, 0x00000006c0100b90, 0x00000007c0000000)
  region size 1024K, 1 young (1024K), 1 survivors (1024K)
 Metaspace       used 24347K, capacity 26166K, committed 26240K, reserved 1073152K
  class space    used 2839K, capacity 3196K, committed 3200K, reserved 1048576K
}

