# JRE version: Java(TM) SE Runtime Environment (9.0+11) (build 9.0.1+11)
# Java VM: Java HotSpot(TM) 64-Bit Server VM (9.0.1+11, mixed mode, tiered, compressed oops, g1 gc, bsd-amd64)
Heap:
 garbage-first heap   total 378880K, used 98066K [0x00000006c0000000, 0x00000006c0100b90, 0x00000007c0000000)
  region size 1024K, 4 young (4096K), 1 survivors (1024K)
 Metaspace       used 23916K, capacity 25748K, committed 25856K, reserved 1071104K
  class space    used 2857K, capacity 3231K, committed 3328K, reserved 1048576K
GC Heap History (10 events):
Event: 11.718 GC heap before
{Heap before GC invocations=127 (full 0):
 garbage-first heap   total 378880K, used 164589K [0x00000006c0000000, 0x00000006c0100b90, 0x00000007c0000000)
  region size 1024K, 3 young (3072K), 1 survivors (1024K)
 Metaspace       used 23867K, capacity 25686K, committed 25856K, reserved 1071104K
  class space    used 2849K, capacity 3218K, committed 3328K, reserved 1048576K
}
Event: 11.719 GC heap after
{Heap after GC invocations=128 (full 0):
 garbage-first heap   total 378880K, used 81641K [0x00000006c0000000, 0x00000006c0100b90, 0x00000007c0000000)
  region size 1024K, 1 young (1024K), 1 survivors (1024K)
 Metaspace       used 23867K, capacity 25686K, committed 25856K, reserved 1071104K
  class space    used 2849K, capacity 3218K, committed 3328K, reserved 1048576K
}
Event: 11.820 GC heap before
{Heap before GC invocations=129 (full 0):
 garbage-first heap   total 378880K, used 167657K [0x00000006c0000000, 0x00000006c0100b90, 0x00000007c0000000)
  region size 1024K, 4 young (4096K), 1 survivors (1024K)
 Metaspace       used 23872K, capacity 25686K, committed 25856K, reserved 1071104K
  class space    used 2849K, capacity 3218K, committed 3328K, reserved 1048576K
}
Event: 11.821 GC heap after
{Heap after GC invocations=130 (full 0):
 garbage-first heap   total 378880K, used 93935K [0x00000006c0000000, 0x00000006c0100b90, 0x00000007c0000000)
  region size 1024K, 1 young (1024K), 1 survivors (1024K)
 Metaspace       used 23872K, capacity 25686K, committed 25856K, reserved 1071104K
  class space    used 2849K, capacity 3218K, committed 3328K, reserved 1048576K
}
Event: 11.922 GC heap before
{Heap before GC invocations=131 (full 0):
 garbage-first heap   total 378880K, used 170735K [0x00000006c0000000, 0x00000006c0100b90, 0x00000007c0000000)
  region size 1024K, 3 young (3072K), 1 survivors (1024K)
 Metaspace       used 23875K, capacity 25686K, committed 25856K, reserved 1071104K
  class space    used 2849K, capacity 3218K, committed 3328K, reserved 1048576K
}
Event: 11.923 GC heap after
{Heap after GC invocations=132 (full 0):
 garbage-first heap   total 378880K, used 85743K [0x00000006c0000000, 0x00000006c0100b90, 0x00000007c0000000)
  region size 1024K, 1 young (1024K), 1 survivors (1024K)
 Metaspace       used 23875K, capacity 25686K, committed 25856K, reserved 1071104K
  class space    used 2849K, capacity 3218K, committed 3328K, reserved 1048576K
}
Event: 12.022 GC heap before
{Heap before GC invocations=133 (full 0):
 garbage-first heap   total 378880K, used 164591K [0x00000006c0000000, 0x00000006c0100b90, 0x00000007c0000000)
  region size 1024K, 3 young (3072K), 1 survivors (1024K)
 Metaspace       used 23881K, capacity 25692K, committed 25856K, reserved 1071104K
  class space    used 2850K, capacity 3219K, committed 3328K, reserved 1048576K
}
Event: 12.023 GC heap after
{Heap after GC invocations=134 (full 0):
 garbage-first heap   total 378880K, used 93962K [0x00000006c0000000, 0x00000006c0100b90, 0x00000007c0000000)
  region size 1024K, 1 young (1024K), 1 survivors (1024K)
 Metaspace       used 23881K, capacity 25692K, committed 25856K, reserved 1071104K
  class space    used 2850K, capacity 3219K, committed 3328K, reserved 1048576K
}
Event: 12.119 GC heap before
{Heap before GC invocations=135 (full 0):
 garbage-first heap   total 378880K, used 165642K [0x00000006c0000000, 0x00000006c0100b90, 0x00000007c0000000)
  region size 1024K, 4 young (4096K), 1 survivors (1024K)
 Metaspace       used 23883K, capacity 25692K, committed 25856K, reserved 1071104K
  class space    used 2850K, capacity 3219K, committed 3328K, reserved 1048576K
}
Event: 12.120 GC heap after
{Heap after GC invocations=136 (full 0):
 garbage-first heap   total 378880K, used 87826K [0x00000006c0000000, 0x00000006c0100b90, 0x00000007c0000000)
  region size 1024K, 1 young (1024K), 1 survivors (1024K)
 Metaspace       used 23883K, capacity 25692K, committed 25856K, reserved 1071104K
  class space    used 2850K, capacity 3219K, committed 3328K, reserved 1048576K
}

