# JRE version: Java(TM) SE Runtime Environment (9.0+11) (build 9.0.1+11)
# Java VM: Java HotSpot(TM) 64-Bit Server VM (9.0.1+11, mixed mode, tiered, compressed oops, g1 gc, bsd-amd64)
Heap:
 garbage-first heap   total 315392K, used 111731K [0x00000006c0000000, 0x00000006c01009a0, 0x00000007c0000000)
  region size 1024K, 5 young (5120K), 1 survivors (1024K)
 Metaspace       used 24260K, capacity 26008K, committed 26240K, reserved 1073152K
  class space    used 2842K, capacity 3187K, committed 3200K, reserved 1048576K
GC Heap History (10 events):
Event: 84.126 GC heap before
{Heap before GC invocations=680 (full 0):
 garbage-first heap   total 315392K, used 135279K [0x00000006c0000000, 0x00000006c01009a0, 0x00000007c0000000)
  region size 1024K, 4 young (4096K), 1 survivors (1024K)
 Metaspace       used 24222K, capacity 25944K, committed 26240K, reserved 1073152K
  class space    used 2842K, capacity 3187K, committed 3200K, reserved 1048576K
}
Event: 84.127 GC heap after
{Heap after GC invocations=681 (full 0):
 garbage-first heap   total 315392K, used 67701K [0x00000006c0000000, 0x00000006c01009a0, 0x00000007c0000000)
  region size 1024K, 1 young (1024K), 1 survivors (1024K)
 Metaspace       used 24222K, capacity 25944K, committed 26240K, reserved 1073152K
  class space    used 2842K, capacity 3187K, committed 3200K, reserved 1048576K
}
Event: 85.688 GC heap before
{Heap before GC invocations=682 (full 0):
 garbage-first heap   total 315392K, used 139381K [0x00000006c0000000, 0x00000006c01009a0, 0x00000007c0000000)
  region size 1024K, 4 young (4096K), 1 survivors (1024K)
 Metaspace       used 24227K, capacity 25944K, committed 26240K, reserved 1073152K
  class space    used 2842K, capacity 3187K, committed 3200K, reserved 1048576K
}
Event: 85.689 GC heap after
{Heap after GC invocations=683 (full 0):
 garbage-first heap   total 315392K, used 71794K [0x00000006c0000000, 0x00000006c01009a0, 0x00000007c0000000)
  region size 1024K, 1 young (1024K), 1 survivors (1024K)
 Metaspace       used 24227K, capacity 25944K, committed 26240K, reserved 1073152K
  class space    used 2842K, capacity 3187K, committed 3200K, reserved 1048576K
}
Event: 85.860 GC heap before
{Heap before GC invocations=684 (full 0):
 garbage-first heap   total 315392K, used 137330K [0x00000006c0000000, 0x00000006c01009a0, 0x00000007c0000000)
  region size 1024K, 4 young (4096K), 1 survivors (1024K)
 Metaspace       used 24227K, capacity 25944K, committed 26240K, reserved 1073152K
  class space    used 2842K, capacity 3187K, committed 3200K, reserved 1048576K
}
Event: 85.861 GC heap after
{Heap after GC invocations=685 (full 0):
 garbage-first heap   total 315392K, used 75891K [0x00000006c0000000, 0x00000006c01009a0, 0x00000007c0000000)
  region size 1024K, 1 young (1024K), 1 survivors (1024K)
 Metaspace       used 24227K, capacity 25944K, committed 26240K, reserved 1073152K
  class space    used 2842K, capacity 3187K, committed 3200K, reserved 1048576K
}
Event: 88.158 GC heap before
{Heap before GC invocations=686 (full 0):
 garbage-first heap   total 315392K, used 141427K [0x00000006c0000000, 0x00000006c01009a0, 0x00000007c0000000)
  region size 1024K, 4 young (4096K), 1 survivors (1024K)
 Metaspace       used 24229K, capacity 25944K, committed 26240K, reserved 1073152K
  class space    used 2842K, capacity 3187K, committed 3200K, reserved 1048576K
}
Event: 88.160 GC heap after
{Heap after GC invocations=687 (full 0):
 garbage-first heap   total 315392K, used 75893K [0x00000006c0000000, 0x00000006c01009a0, 0x00000007c0000000)
  region size 1024K, 1 young (1024K), 1 survivors (1024K)
 Metaspace       used 24229K, capacity 25944K, committed 26240K, reserved 1073152K
  class space    used 2842K, capacity 3187K, committed 3200K, reserved 1048576K
}
Event: 90.177 GC heap before
{Heap before GC invocations=688 (full 0):
 garbage-first heap   total 315392K, used 140405K [0x00000006c0000000, 0x00000006c01009a0, 0x00000007c0000000)
  region size 1024K, 5 young (5120K), 1 survivors (1024K)
 Metaspace       used 24235K, capacity 26008K, committed 26240K, reserved 1073152K
  class space    used 2842K, capacity 3187K, committed 3200K, reserved 1048576K
}
Event: 90.178 GC heap after
{Heap after GC invocations=689 (full 0):
 garbage-first heap   total 315392K, used 63603K [0x00000006c0000000, 0x00000006c01009a0, 0x00000007c0000000)
  region size 1024K, 1 young (1024K), 1 survivors (1024K)
 Metaspace       used 24235K, capacity 26008K, committed 26240K, reserved 1073152K
  class space    used 2842K, capacity 3187K, committed 3200K, reserved 1048576K
}

